  [4;36;1mSQL (0.0ms)[0m   [0;1mSET SQL_AUTO_IS_NULL=0[0m
  [4;35;1mSQL (16.0ms)[0m   [0mSHOW TABLES[0m
  [4;36;1mSQL (156.0ms)[0m   [0;1mCREATE TABLE `schema_migrations` (`version` varchar(255) NOT NULL) ENGINE=InnoDB[0m
  [4;35;1mSQL (172.0ms)[0m   [0mCREATE UNIQUE INDEX `unique_schema_migrations` ON `schema_migrations` (`version`)[0m
  [4;36;1mSQL (0.0ms)[0m   [0;1mSHOW TABLES[0m
  [4;35;1mSQL (0.0ms)[0m   [0mSELECT version FROM schema_migrations[0m
Migrating to CreateUsers (1)
  [4;36;1mSQL (78.0ms)[0m   [0;1mCREATE TABLE `users` (`id` int(11) DEFAULT NULL auto_increment PRIMARY KEY, `name` varchar(255) NOT NULL) ENGINE=InnoDB[0m
  [4;35;1mSQL (16.0ms)[0m   [0mINSERT INTO schema_migrations (version) VALUES ('1')[0m
  [4;36;1mSQL (0.0ms)[0m   [0;1mSET SQL_AUTO_IS_NULL=0[0m
  [4;35;1mSQL (0.0ms)[0m   [0mSHOW TABLES[0m
  [4;36;1mSQL (0.0ms)[0m   [0;1mSELECT version FROM schema_migrations[0m
  [4;35;1mSQL (0.0ms)[0m   [0mSHOW TABLES[0m
  [4;36;1mSQL (0.0ms)[0m   [0;1mSELECT version FROM schema_migrations[0m
Migrating to CreateUsers (1)
  [4;35;1mSQL (15.0ms)[0m   [0mDROP TABLE `users`[0m
  [4;36;1mSQL (16.0ms)[0m   [0;1mDELETE FROM schema_migrations WHERE version = '1'[0m
  [4;36;1mSQL (0.0ms)[0m   [0;1mSET SQL_AUTO_IS_NULL=0[0m
  [4;35;1mSQL (0.0ms)[0m   [0mSHOW TABLES[0m
  [4;36;1mSQL (0.0ms)[0m   [0;1mSELECT version FROM schema_migrations[0m
  [4;35;1mSQL (0.0ms)[0m   [0mSHOW TABLES[0m
  [4;36;1mSQL (0.0ms)[0m   [0;1mSELECT version FROM schema_migrations[0m
Migrating to CreateUsers (1)
  [4;35;1mSQL (62.0ms)[0m   [0mCREATE TABLE `users` (`id` int(11) DEFAULT NULL auto_increment PRIMARY KEY, `name` varchar(255) NOT NULL) ENGINE=InnoDB[0m
  [4;36;1mSQL (16.0ms)[0m   [0;1mINSERT INTO schema_migrations (version) VALUES ('1')[0m
  [4;36;1mSQL (47.0ms)[0m   [0;1mSET SQL_AUTO_IS_NULL=0[0m
  [4;35;1mSQL (0.0ms)[0m   [0mSHOW TABLES[0m
  [4;36;1mSQL (93.0ms)[0m   [0;1mSELECT version FROM schema_migrations[0m
Migrating to CreateResources (1)
  [4;36;1mSQL (0.0ms)[0m   [0;1mSET SQL_AUTO_IS_NULL=0[0m
  [4;35;1mSQL (0.0ms)[0m   [0mSHOW TABLES[0m
  [4;36;1mSQL (0.0ms)[0m   [0;1mSELECT version FROM schema_migrations[0m
Migrating to CreateResources (1)
  [4;35;1mSQL (79.0ms)[0m   [0mCREATE TABLE `resources` (`id` int(11) DEFAULT NULL auto_increment PRIMARY KEY, `type` varchar(255) NOT NULL, `filepath` varchar(255) NOT NULL, `mimetype` varchar(255) NOT NULL, `tags` varchar(255) NOT NULL, `description` varchar(255) NOT NULL, `date` datetime NOT NULL) ENGINE=InnoDB[0m
  [4;36;1mSQL (15.0ms)[0m   [0;1mINSERT INTO schema_migrations (version) VALUES ('1')[0m
  [4;36;1mSQL (0.0ms)[0m   [0;1mSET SQL_AUTO_IS_NULL=0[0m
  [4;35;1mSQL (0.0ms)[0m   [0mSHOW TABLES[0m
  [4;36;1mSQL (0.0ms)[0m   [0;1mSELECT version FROM schema_migrations[0m
Migrating to CreateResources (1)
Migrating to ChangeFilepath (2)
  [4;36;1mSQL (0.0ms)[0m   [0;1mSET SQL_AUTO_IS_NULL=0[0m
  [4;35;1mSQL (0.0ms)[0m   [0mSHOW TABLES[0m
  [4;36;1mSQL (15.0ms)[0m   [0;1mSELECT version FROM schema_migrations[0m
Migrating to CreateResources (1)
Migrating to ChangeFilepath (2)
  [4;36;1mSQL (0.0ms)[0m   [0;1mSET SQL_AUTO_IS_NULL=0[0m
  [4;35;1mSQL (0.0ms)[0m   [0mSHOW TABLES[0m
  [4;36;1mSQL (0.0ms)[0m   [0;1mSELECT version FROM schema_migrations[0m
Migrating to CreateResources (1)
Migrating to ChangeFilepath (2)
  [4;36;1mSQL (0.0ms)[0m   [0;1mSET SQL_AUTO_IS_NULL=0[0m
  [4;35;1mSQL (0.0ms)[0m   [0mSHOW TABLES[0m
  [4;36;1mSQL (0.0ms)[0m   [0;1mSELECT version FROM schema_migrations[0m
Migrating to CreateResources (1)
Migrating to ChangeFilepath (2)
  [4;36;1mSQL (0.0ms)[0m   [0;1mSET SQL_AUTO_IS_NULL=0[0m
  [4;35;1mSQL (0.0ms)[0m   [0mSHOW TABLES[0m
  [4;36;1mSQL (0.0ms)[0m   [0;1mSELECT version FROM schema_migrations[0m
Migrating to CreateResources (1)
Migrating to ChangeFilepath (2)
  [4;36;1mSQL (0.0ms)[0m   [0;1mSET SQL_AUTO_IS_NULL=0[0m
  [4;35;1mSQL (0.0ms)[0m   [0mSHOW TABLES[0m
  [4;36;1mSQL (0.0ms)[0m   [0;1mSELECT version FROM schema_migrations[0m
Migrating to CreateResources (1)
Migrating to ChangeFilepath (2)
  [4;36;1mSQL (0.0ms)[0m   [0;1mSET SQL_AUTO_IS_NULL=0[0m
  [4;35;1mSQL (0.0ms)[0m   [0mSHOW TABLES[0m
  [4;36;1mSQL (0.0ms)[0m   [0;1mSELECT version FROM schema_migrations[0m
Migrating to CreateResources (1)
Migrating to ChangeFilepath (2)
  [4;35;1mSQL (0.0ms)[0m   [0mSHOW FIELDS FROM `resources`[0m
  [4;36;1mSQL (0.0ms)[0m   [0;1mMysql::Error: You have an error in your SQL syntax; check the manual that corresponds to your MySQL server version for the right syntax to use near 'url DEFAULT '' NOT NULL' at line 1: ALTER TABLE `resources` CHANGE `filepath` `filepath` url DEFAULT '' NOT NULL[0m
  [4;36;1mSQL (0.0ms)[0m   [0;1mSET SQL_AUTO_IS_NULL=0[0m
  [4;35;1mSQL (0.0ms)[0m   [0mSHOW TABLES[0m
  [4;36;1mSQL (0.0ms)[0m   [0;1mSELECT version FROM schema_migrations[0m
Migrating to CreateResources (1)
Migrating to ChangeFilepath (2)
  [4;35;1mSQL (0.0ms)[0m   [0mSHOW FIELDS FROM `resources`[0m
  [4;36;1mSQL (141.0ms)[0m   [0;1mALTER TABLE `resources` CHANGE `filepath` `filepath` int DEFAULT '' NOT NULL[0m
  [4;35;1mSQL (16.0ms)[0m   [0mINSERT INTO schema_migrations (version) VALUES ('2')[0m
  [4;36;1mSQL (0.0ms)[0m   [0;1mSET SQL_AUTO_IS_NULL=0[0m
  [4;35;1mSQL (0.0ms)[0m   [0mSHOW TABLES[0m
  [4;36;1mSQL (0.0ms)[0m   [0;1mSELECT version FROM schema_migrations[0m
  [4;35;1mSQL (0.0ms)[0m   [0mSHOW TABLES[0m
  [4;36;1mSQL (0.0ms)[0m   [0;1mSELECT version FROM schema_migrations[0m
Migrating to ChangeFilepath (2)
  [4;35;1mSQL (0.0ms)[0m   [0mSHOW FIELDS FROM `resources`[0m
  [4;36;1mSQL (109.0ms)[0m   [0;1mALTER TABLE `resources` CHANGE `filepath` `filepath` varchar(255) DEFAULT 0 NOT NULL[0m
  [4;35;1mSQL (16.0ms)[0m   [0mDELETE FROM schema_migrations WHERE version = '2'[0m
  [4;36;1mSQL (0.0ms)[0m   [0;1mSET SQL_AUTO_IS_NULL=0[0m
  [4;35;1mSQL (0.0ms)[0m   [0mSHOW TABLES[0m
  [4;36;1mSQL (0.0ms)[0m   [0;1mSELECT version FROM schema_migrations[0m
  [4;35;1mSQL (0.0ms)[0m   [0mSHOW TABLES[0m
  [4;36;1mSQL (0.0ms)[0m   [0;1mSELECT version FROM schema_migrations[0m
Migrating to CreateResources (1)
  [4;35;1mSQL (62.0ms)[0m   [0mDROP TABLE `resources`[0m
  [4;36;1mSQL (16.0ms)[0m   [0;1mDELETE FROM schema_migrations WHERE version = '1'[0m
  [4;36;1mSQL (0.0ms)[0m   [0;1mSET SQL_AUTO_IS_NULL=0[0m
  [4;35;1mSQL (0.0ms)[0m   [0mSHOW TABLES[0m
  [4;36;1mSQL (0.0ms)[0m   [0;1mSELECT version FROM schema_migrations[0m
  [4;35;1mSQL (0.0ms)[0m   [0mSHOW TABLES[0m
  [4;36;1mSQL (0.0ms)[0m   [0;1mSELECT version FROM schema_migrations[0m
Migrating to CreateResources (1)
  [4;35;1mSQL (110.0ms)[0m   [0mCREATE TABLE `resources` (`id` int(11) DEFAULT NULL auto_increment PRIMARY KEY, `type` varchar(255) DEFAULT 'image' NOT NULL, `sourceURL` varchar(255), `filepath` varchar(255) NOT NULL, `mimetype` varchar(255) DEFAULT 'text/plain' NOT NULL, `tags` varchar(255), `description` varchar(255), `date` datetime DEFAULT 'now()') ENGINE=InnoDB[0m
  [4;36;1mSQL (31.0ms)[0m   [0;1mINSERT INTO schema_migrations (version) VALUES ('1')[0m
  [4;36;1mSQL (0.0ms)[0m   [0;1mSET SQL_AUTO_IS_NULL=0[0m
  [4;35;1mSQL (0.0ms)[0m   [0mSHOW TABLES[0m
  [4;36;1mSQL (0.0ms)[0m   [0;1mSELECT version FROM schema_migrations[0m
  [4;35;1mSQL (0.0ms)[0m   [0mSHOW TABLES[0m
  [4;36;1mSQL (0.0ms)[0m   [0;1mSELECT version FROM schema_migrations[0m
Migrating to CreateResources (1)
  [4;35;1mSQL (15.0ms)[0m   [0mDROP TABLE `resources`[0m
  [4;36;1mSQL (16.0ms)[0m   [0;1mDELETE FROM schema_migrations WHERE version = '1'[0m
  [4;36;1mSQL (0.0ms)[0m   [0;1mSET SQL_AUTO_IS_NULL=0[0m
  [4;35;1mSQL (0.0ms)[0m   [0mSHOW TABLES[0m
  [4;36;1mSQL (0.0ms)[0m   [0;1mSELECT version FROM schema_migrations[0m
  [4;35;1mSQL (0.0ms)[0m   [0mSHOW TABLES[0m
  [4;36;1mSQL (0.0ms)[0m   [0;1mSELECT version FROM schema_migrations[0m
Migrating to CreateResources (1)
  [4;35;1mSQL (46.0ms)[0m   [0mCREATE TABLE `resources` (`id` int(11) DEFAULT NULL auto_increment PRIMARY KEY, `type` varchar(255) DEFAULT 'image' NOT NULL, `sourceURL` varchar(255), `filepath` varchar(255) NOT NULL, `mimetype` varchar(255) DEFAULT 'text/plain' NOT NULL, `tags` varchar(255), `description` varchar(255), `date` datetime) ENGINE=InnoDB[0m
  [4;36;1mSQL (31.0ms)[0m   [0;1mINSERT INTO schema_migrations (version) VALUES ('1')[0m
  [4;36;1mSQL (0.0ms)[0m   [0;1mSET SQL_AUTO_IS_NULL=0[0m
  [4;35;1mSQL (0.0ms)[0m   [0mSHOW TABLES[0m
  [4;36;1mSQL (62.0ms)[0m   [0;1mSELECT version FROM schema_migrations[0m
Migrating to CreateResources (1)
Migrating to AddTitle (2)
  [4;36;1mSQL (0.0ms)[0m   [0;1mSET SQL_AUTO_IS_NULL=0[0m
  [4;35;1mSQL (15.0ms)[0m   [0mSHOW TABLES[0m
  [4;36;1mSQL (0.0ms)[0m   [0;1mSELECT version FROM schema_migrations[0m
Migrating to CreateResources (1)
Migrating to AddTitle (2)
  [4;35;1mSQL (172.0ms)[0m   [0mALTER TABLE `resources` ADD `title` varchar(255)[0m
  [4;36;1mSQL (16.0ms)[0m   [0;1mINSERT INTO schema_migrations (version) VALUES ('2')[0m
  [4;36;1mSQL (0.0ms)[0m   [0;1mSET SQL_AUTO_IS_NULL=0[0m
  [4;35;1mSQL (0.0ms)[0m   [0mSHOW TABLES[0m
  [4;36;1mSQL (47.0ms)[0m   [0;1mSELECT version FROM schema_migrations[0m
Migrating to CreateResources (1)
Migrating to AddTitle (2)
Migrating to RenameType (3)
  [4;35;1mSQL (0.0ms)[0m   [0mSHOW FIELDS FROM `resources`[0m
  [4;36;1mSQL (0.0ms)[0m   [0;1mSHOW COLUMNS FROM `resources` LIKE 'type'[0m
  [4;35;1mSQL (172.0ms)[0m   [0mALTER TABLE `resources` CHANGE `type` `sort` varchar(255) DEFAULT 'image' NOT NULL[0m
  [4;36;1mSQL (15.0ms)[0m   [0;1mINSERT INTO schema_migrations (version) VALUES ('3')[0m
  [4;36;1mSQL (0.0ms)[0m   [0;1mSET SQL_AUTO_IS_NULL=0[0m
  [4;35;1mSQL (0.0ms)[0m   [0mSHOW TABLES[0m
  [4;36;1mSQL (63.0ms)[0m   [0;1mSELECT version FROM schema_migrations[0m
Migrating to CreateResources (1)
Migrating to AddTitle (2)
Migrating to RenameType (3)
Migrating to RenameSort (4)
  [4;36;1mSQL (0.0ms)[0m   [0;1mSET SQL_AUTO_IS_NULL=0[0m
  [4;35;1mSQL (0.0ms)[0m   [0mSHOW TABLES[0m
  [4;36;1mSQL (0.0ms)[0m   [0;1mSELECT version FROM schema_migrations[0m
Migrating to CreateResources (1)
Migrating to AddTitle (2)
Migrating to RenameType (3)
Migrating to RenameSort (4)
  [4;35;1mSQL (0.0ms)[0m   [0mSHOW FIELDS FROM `resources`[0m
  [4;36;1mSQL (0.0ms)[0m   [0;1mSHOW COLUMNS FROM `resources` LIKE 'sort'[0m
  [4;35;1mSQL (156.0ms)[0m   [0mALTER TABLE `resources` CHANGE `sort` `kind` varchar(255) DEFAULT 'image' NOT NULL[0m
  [4;36;1mSQL (16.0ms)[0m   [0;1mINSERT INTO schema_migrations (version) VALUES ('4')[0m
